app/build/intermediates/manifest_merge_blame_file/debug/manifest-merger-blame-debug-report.txt
1<?xml version="1.0" encoding="utf-8"?>
2<manifest xmlns:android="http://schemas.android.com/apk/res/android"
3    package="org.reallysimpleapps.eggtimer"
4    android:versionCode="28"
5    android:versionName="2.00.6" >
6
7    <uses-sdk
8        android:minSdkVersion="16"
8-->src/main/AndroidManifest.xml
9        android:targetSdkVersion="29" />
9-->src/main/AndroidManifest.xml
10
11    <uses-permission android:name="android.permission.VIBRATE" />
11-->src/main/AndroidManifest.xml:5:5-65
11-->src/main/AndroidManifest.xml:5:22-63
12    <uses-permission android:name="android.permission.WRITE_EXTERNAL_STORAGE" />
12-->src/main/AndroidManifest.xml:6:5-80
12-->src/main/AndroidManifest.xml:6:22-78
13    <uses-permission android:name="android.permission.ACCESS_COARSE_LOCATION" />
13-->src/main/AndroidManifest.xml:7:5-81
13-->src/main/AndroidManifest.xml:7:22-78
14    <uses-permission android:name="android.permission.ACCESS_FINE_LOCATION" />
14-->src/main/AndroidManifest.xml:8:5-79
14-->src/main/AndroidManifest.xml:8:22-76
15    <uses-permission
15-->src/main/AndroidManifest.xml:9:5-11:35
16        android:name="android.hardware.camera2"
16-->src/main/AndroidManifest.xml:10:9-48
17        android:required="false" />
17-->src/main/AndroidManifest.xml:11:9-33
18    <uses-permission android:name="android.permission.INTERNET" />
18-->src/main/AndroidManifest.xml:12:5-66
18-->src/main/AndroidManifest.xml:12:22-64
19    <uses-permission android:name="android.permission.ACCESS_NETWORK_STATE" />
19-->[com.google.android.gms:play-services-ads-lite:19.0.1] AndroidManifest.xml:24:5-79
19-->[com.google.android.gms:play-services-ads-lite:19.0.1] AndroidManifest.xml:24:22-76
20    <uses-permission android:name="android.permission.WAKE_LOCK" />
20-->[com.google.android.gms:play-services-measurement-sdk-api:17.1.0] AndroidManifest.xml:25:5-68
20-->[com.google.android.gms:play-services-measurement-sdk-api:17.1.0] AndroidManifest.xml:25:22-65
21
22    <application
22-->src/main/AndroidManifest.xml:14:5-52:19
23        android:appComponentFactory="androidx.core.app.CoreComponentFactory"
23-->[androidx.core:core:1.1.0] AndroidManifest.xml:24:18-86
24        android:debuggable="true"
25        android:icon="@mipmap/ic_launcher"
25-->src/main/AndroidManifest.xml:15:9-43
26        android:label="@string/app_name"
26-->src/main/AndroidManifest.xml:16:9-41
27        android:supportsRtl="true"
27-->src/main/AndroidManifest.xml:17:9-35
28        android:testOnly="true"
29        android:theme="@style/AppTheme" >
29-->src/main/AndroidManifest.xml:18:9-40
30        <meta-data
30-->src/main/AndroidManifest.xml:20:9-22:51
31            android:name="com.google.android.gms.ads.APPLICATION_ID"
31-->src/main/AndroidManifest.xml:21:13-69
32            android:value="@string/admob_app_id" />
32-->src/main/AndroidManifest.xml:22:13-49
33
34        <activity
34-->src/main/AndroidManifest.xml:24:9-37:20
35            android:name="org.reallysimpleapps.eggtimer.MainActivity"
35-->src/main/AndroidManifest.xml:25:13-41
36            android:screenOrientation="portrait"
36-->src/main/AndroidManifest.xml:26:13-49
37            android:theme="@style/AppTheme" >
37-->src/main/AndroidManifest.xml:27:13-44
38            <meta-data
38-->src/main/AndroidManifest.xml:28:13-30:72
39                android:name="com.google.android.gms.version"
39-->src/main/AndroidManifest.xml:29:17-62
40                android:value="@integer/google_play_services_version" />
40-->src/main/AndroidManifest.xml:30:17-70
41
42            <intent-filter>
42-->src/main/AndroidManifest.xml:32:13-36:29
43                <action android:name="android.intent.action.MAIN" />
43-->src/main/AndroidManifest.xml:33:17-68
43-->src/main/AndroidManifest.xml:33:25-66
44
45                <category android:name="android.intent.category.LAUNCHER" />
45-->src/main/AndroidManifest.xml:35:17-76
45-->src/main/AndroidManifest.xml:35:27-74
46            </intent-filter>
47        </activity>
48        <activity
48-->src/main/AndroidManifest.xml:38:9-42:20
49            android:name="org.reallysimpleapps.eggtimer.About"
49-->src/main/AndroidManifest.xml:39:13-34
50            android:label="@string/About_Perfect_Egg_Timer"
50-->src/main/AndroidManifest.xml:40:13-60
51            android:parentActivityName="org.reallysimpleapps.eggtimer.MainActivity" >
51-->src/main/AndroidManifest.xml:41:13-55
52        </activity>
53        <activity
53-->src/main/AndroidManifest.xml:43:9-47:20
54            android:name="org.reallysimpleapps.eggtimer.EggPhoto"
54-->src/main/AndroidManifest.xml:44:13-37
55            android:label="Time&apos;s Up"
55-->src/main/AndroidManifest.xml:45:13-43
56            android:parentActivityName="org.reallysimpleapps.eggtimer.MainActivity" >
56-->src/main/AndroidManifest.xml:46:13-55
57        </activity>
58        <activity
58-->src/main/AndroidManifest.xml:48:9-51:20
59            android:name="org.reallysimpleapps.eggtimer.Advanced"
59-->src/main/AndroidManifest.xml:49:13-37
60            android:parentActivityName="org.reallysimpleapps.eggtimer.MainActivity" >
60-->src/main/AndroidManifest.xml:50:13-55
61        </activity>
62        <!-- Include the AdActivity and InAppPurchaseActivity configChanges and themes. -->
63        <activity
63-->[com.google.android.gms:play-services-ads-lite:19.0.1] AndroidManifest.xml:29:9-33:64
64            android:name="com.google.android.gms.ads.AdActivity"
64-->[com.google.android.gms:play-services-ads-lite:19.0.1] AndroidManifest.xml:30:13-65
65            android:configChanges="keyboard|keyboardHidden|orientation|screenLayout|uiMode|screenSize|smallestScreenSize"
65-->[com.google.android.gms:play-services-ads-lite:19.0.1] AndroidManifest.xml:31:13-122
66            android:exported="false"
66-->[com.google.android.gms:play-services-ads-lite:19.0.1] AndroidManifest.xml:32:13-37
67            android:theme="@android:style/Theme.Translucent" />
67-->[com.google.android.gms:play-services-ads-lite:19.0.1] AndroidManifest.xml:33:13-61
68
69        <provider
69-->[com.google.android.gms:play-services-ads-lite:19.0.1] AndroidManifest.xml:35:9-39:39
70            android:name="com.google.android.gms.ads.MobileAdsInitProvider"
70-->[com.google.android.gms:play-services-ads-lite:19.0.1] AndroidManifest.xml:36:13-76
71            android:authorities="org.reallysimpleapps.eggtimer.mobileadsinitprovider"
71-->[com.google.android.gms:play-services-ads-lite:19.0.1] AndroidManifest.xml:37:13-73
72            android:exported="false"
72-->[com.google.android.gms:play-services-ads-lite:19.0.1] AndroidManifest.xml:38:13-37
73            android:initOrder="100" />
73-->[com.google.android.gms:play-services-ads-lite:19.0.1] AndroidManifest.xml:39:13-36
74
75        <activity
75-->[com.google.android.gms:play-services-base:17.0.0] AndroidManifest.xml:23:9-26:75
76            android:name="com.google.android.gms.common.api.GoogleApiActivity"
76-->[com.google.android.gms:play-services-base:17.0.0] AndroidManifest.xml:24:13-79
77            android:exported="false"
77-->[com.google.android.gms:play-services-base:17.0.0] AndroidManifest.xml:25:13-37
78            android:theme="@android:style/Theme.Translucent.NoTitleBar" />
78-->[com.google.android.gms:play-services-base:17.0.0] AndroidManifest.xml:26:13-72
79
80        <meta-data
80-->src/main/AndroidManifest.xml:28:13-30:72
81            android:name="com.google.android.gms.version"
81-->src/main/AndroidManifest.xml:29:17-62
82            android:value="@integer/google_play_services_version" />
82-->src/main/AndroidManifest.xml:30:17-70
83    </application>
84
85</manifest>